02:31:07 **** Incremental Build of configuration Debug for project HMI_ECU ****
make all 
Building file: ../HMI_Application.c
Invoking: AVR Compiler
avr-gcc -Wall -g2 -gstabs -O0 -fpack-struct -fshort-enums -ffunction-sections -fdata-sections -std=gnu99 -funsigned-char -funsigned-bitfields -mmcu=atmega32 -DF_CPU=8000000UL -MMD -MP -MF"HMI_Application.d" -MT"HMI_Application.o" -c -o "HMI_Application.o" "../HMI_Application.c"
In file included from ../HMI_Application.c:8:
c:/winavr-20100110/lib/gcc/../../avr/include/util/delay.h:90:3: warning: #warning "Compiler optimizations disabled; functions from <util/delay.h> won't work as designed"
Finished building: ../HMI_Application.c
 
Building target: HMI_ECU.elf
Invoking: AVR C Linker
avr-gcc -Wl,-Map,HMI_ECU.map -mmcu=atmega32 -o "HMI_ECU.elf"  ./MCAL/uart/uart.o  ./MCAL/timer1/timer1.o  ./MCAL/gpio/gpio.o  ./HAL/LCD/lcd.o  ./HAL/Keypad/keypad.o  ./HMI_Application.o ./HMI_Utilities.o   
Finished building target: HMI_ECU.elf
 
Invoking: AVR Create Extended Listing
avr-objdump -h -S HMI_ECU.elf  >"HMI_ECU.lss"
Finished building: HMI_ECU.lss
 
Invoking: Print Size
avr-size --format=avr --mcu=atmega32 HMI_ECU.elf
AVR Memory Usage
----------------
Device: atmega32

Program:   11526 bytes (35.2% Full)
(.text + .data + .bootloader)

Data:        178 bytes (8.7% Full)
(.data + .bss + .noinit)


Finished building: sizedummy
 
